2021-08-14 15:44:27,840 [Worker-4: Loading available Gradle versions] INFO  o.e.b.c.i.u.g.PublishedGradleVersions - Gradle version information cache is up-to-date. Trying to read.
2021-08-14 15:49:45,959 [Worker-2: Loading available Gradle versions] INFO  o.e.b.c.i.u.g.PublishedGradleVersions - Gradle version information cache is up-to-date. Trying to read.
2021-08-14 15:54:02,652 [Worker-0: Importing Maven projects] WARN  o.e.m.c.i.embedder.EclipseLogger - The POM for commons-cli:commons-cli:jar:1.2 is invalid, transitive dependencies (if any) will not be available, enable debug logging for more details
2021-08-14 15:54:02,833 [Worker-0: Importing Maven projects] WARN  o.e.m.c.i.embedder.EclipseLogger - The POM for org.codehaus.plexus:plexus-utils:jar:3.0.22 is invalid, transitive dependencies (if any) will not be available, enable debug logging for more details
2021-08-14 15:54:03,142 [Worker-0: Importing Maven projects] INFO  o.e.m.c.i.l.LifecycleMappingFactory - Using org.eclipse.m2e.jdt.JarLifecycleMapping lifecycle mapping for MavenProject: Pokemon:PokemonSite:0.0.1-SNAPSHOT @ C:\PokemonProject\PokemonSite\pom.xml.
2021-08-14 15:54:03,525 [Worker-0: Importing Maven projects] WARN  o.e.m.c.i.embedder.EclipseLogger - The POM for org.apache.commons:commons-lang3:jar:3.8.1 is invalid, transitive dependencies (if any) will not be available, enable debug logging for more details
2021-08-14 15:54:03,856 [Worker-0: Importing Maven projects] WARN  o.e.m.c.i.embedder.EclipseLogger - The POM for org.postgresql:postgresql:jar:9.4.1212 is invalid, transitive dependencies (if any) will not be available, enable debug logging for more details
2021-08-14 15:54:03,966 [Worker-0: Importing Maven projects] WARN  o.e.m.c.i.embedder.EclipseLogger - The POM for org.slf4j:slf4j-api:jar:1.7.25 is invalid, transitive dependencies (if any) will not be available, enable debug logging for more details
2021-08-14 15:54:03,983 [Worker-0: Importing Maven projects] WARN  o.e.m.c.i.embedder.EclipseLogger - The POM for org.slf4j:slf4j-log4j12:jar:1.7.25 is invalid, transitive dependencies (if any) will not be available, enable debug logging for more details
2021-08-14 15:54:04,112 [Worker-0: Importing Maven projects] WARN  o.e.m.c.i.embedder.EclipseLogger - The POM for commons-codec:commons-codec:jar:1.10 is invalid, transitive dependencies (if any) will not be available, enable debug logging for more details
2021-08-14 15:54:04,221 [Worker-0: Importing Maven projects] WARN  o.e.m.c.i.embedder.EclipseLogger - The POM for io.rest-assured:xml-path:jar:3.2.0 is invalid, transitive dependencies (if any) will not be available, enable debug logging for more details
2021-08-14 15:54:04,274 [Worker-0: Importing Maven projects] WARN  o.e.m.c.i.embedder.EclipseLogger - The POM for io.rest-assured:json-path:jar:3.2.0 is invalid, transitive dependencies (if any) will not be available, enable debug logging for more details
2021-08-14 15:54:05,268 [Worker-0: Importing Maven projects] WARN  o.e.m.c.i.embedder.EclipseLogger - The POM for commons-lang:commons-lang:jar:2.6 is invalid, transitive dependencies (if any) will not be available, enable debug logging for more details
2021-08-14 15:54:06,735 [Worker-0: Importing Maven projects] WARN  o.e.m.c.i.embedder.EclipseLogger - The POM for org.apache.commons:commons-exec:jar:1.3 is invalid, transitive dependencies (if any) will not be available, enable debug logging for more details
2021-08-14 15:54:06,768 [Worker-0: Importing Maven projects] WARN  o.e.m.c.i.embedder.EclipseLogger - The POM for org.slf4j:slf4j-nop:jar:1.7.25 is invalid, transitive dependencies (if any) will not be available, enable debug logging for more details
2021-08-14 15:54:06,774 [Worker-0: Importing Maven projects] WARN  o.e.m.c.i.embedder.EclipseLogger - The POM for com.melloware:jintellitype:jar:1.3.7 is invalid, transitive dependencies (if any) will not be available, enable debug logging for more details
2021-08-14 15:54:06,870 [Worker-0: Importing Maven projects] WARN  o.e.m.c.i.embedder.EclipseLogger - The POM for commons-io:commons-io:jar:2.6 is invalid, transitive dependencies (if any) will not be available, enable debug logging for more details
2021-08-14 15:54:06,920 [Worker-0: Importing Maven projects] WARN  o.e.m.c.i.embedder.EclipseLogger - The POM for net.bytebuddy:byte-buddy:jar:1.8.15 is invalid, transitive dependencies (if any) will not be available, enable debug logging for more details
2021-08-14 15:54:06,936 [Worker-0: Importing Maven projects] WARN  o.e.m.c.i.embedder.EclipseLogger - The POM for com.google.guava:guava:jar:25.0-jre is invalid, transitive dependencies (if any) will not be available, enable debug logging for more details
2021-08-14 15:54:07,032 [Worker-0: Importing Maven projects] WARN  o.e.m.c.i.embedder.EclipseLogger - The POM for com.saucelabs:sauce_testng:jar:2.1.25 is invalid, transitive dependencies (if any) will not be available, enable debug logging for more details
2021-08-14 15:54:07,038 [Worker-0: Importing Maven projects] WARN  o.e.m.c.i.embedder.EclipseLogger - The POM for com.fasterxml.jackson.core:jackson-databind:jar:2.9.8 is invalid, transitive dependencies (if any) will not be available, enable debug logging for more details
2021-08-14 15:54:07,313 [Worker-0: Importing Maven projects] WARN  o.e.m.c.i.embedder.EclipseLogger - The POM for commons-collections:commons-collections:jar:3.2.2 is invalid, transitive dependencies (if any) will not be available, enable debug logging for more details
2021-08-14 15:54:07,366 [Worker-0: Importing Maven projects] WARN  o.e.m.c.i.embedder.EclipseLogger - The POM for commons-net:commons-net:jar:3.6 is invalid, transitive dependencies (if any) will not be available, enable debug logging for more details
2021-08-14 15:54:09,566 [Worker-0: Importing Maven projects] WARN  o.e.m.c.i.embedder.EclipseLogger - The POM for com.google.code.gson:gson:jar:2.8.4 is invalid, transitive dependencies (if any) will not be available, enable debug logging for more details
2021-08-14 15:54:09,576 [Worker-0: Importing Maven projects] WARN  o.e.m.c.i.embedder.EclipseLogger - The POM for org.apache.httpcomponents:httpclient:jar:4.5.5 is invalid, transitive dependencies (if any) will not be available, enable debug logging for more details
2021-08-14 15:54:09,586 [Worker-0: Importing Maven projects] WARN  o.e.m.c.i.embedder.EclipseLogger - The POM for org.apache.httpcomponents:httpcore:jar:4.4.9 is invalid, transitive dependencies (if any) will not be available, enable debug logging for more details
2021-08-14 15:54:09,599 [Worker-0: Importing Maven projects] WARN  o.e.m.c.i.embedder.EclipseLogger - The POM for com.squareup.okhttp3:okhttp:jar:3.10.0 is invalid, transitive dependencies (if any) will not be available, enable debug logging for more details
2021-08-14 15:54:09,609 [Worker-0: Importing Maven projects] WARN  o.e.m.c.i.embedder.EclipseLogger - The POM for com.squareup.okio:okio:jar:1.14.1 is invalid, transitive dependencies (if any) will not be available, enable debug logging for more details
2021-08-14 15:54:09,729 [Worker-0: Importing Maven projects] WARN  o.e.m.c.i.embedder.EclipseLogger - The POM for com.fasterxml.jackson.core:jackson-core:jar:2.9.8 is invalid, transitive dependencies (if any) will not be available, enable debug logging for more details
2021-08-14 15:54:10,031 [Worker-0: Importing Maven projects] WARN  o.e.m.c.i.embedder.EclipseLogger - The POM for commons-validator:commons-validator:jar:1.6 is invalid, transitive dependencies (if any) will not be available, enable debug logging for more details
2021-08-14 15:54:10,121 [Worker-0: Importing Maven projects] WARN  o.e.m.c.i.embedder.EclipseLogger - The POM for commons-beanutils:commons-beanutils:jar:1.9.3 is invalid, transitive dependencies (if any) will not be available, enable debug logging for more details
2021-08-14 15:54:17,112 [Worker-0: Importing Maven projects] INFO  o.e.m.j.i.AbstractJavaProjectConfigurator - Adding source folder /PokemonSite/src/main/java
2021-08-14 15:54:17,113 [Worker-0: Importing Maven projects] INFO  o.e.m.j.i.AbstractJavaProjectConfigurator - Adding resource folder /PokemonSite/src/main/resources
2021-08-14 15:54:17,117 [Worker-0: Importing Maven projects] INFO  o.e.m.j.i.AbstractJavaProjectConfigurator - Adding source folder /PokemonSite/src/test/java
2021-08-14 15:54:22,464 [Worker-0: Importing Maven projects] INFO  o.e.m.c.i.p.ProjectConfigurationManager - Imported and configured 1 project(s) in 22 sec
2021-08-14 15:54:23,653 [Worker-22: Building] WARN  o.e.m.c.i.embedder.EclipseLogger - The POM for org.apache.commons:commons-lang3:jar:3.8.1 is invalid, transitive dependencies (if any) will not be available, enable debug logging for more details
2021-08-14 15:54:23,810 [Worker-22: Building] WARN  o.e.m.c.i.embedder.EclipseLogger - The POM for org.postgresql:postgresql:jar:9.4.1212 is invalid, transitive dependencies (if any) will not be available, enable debug logging for more details
2021-08-14 15:54:23,820 [Worker-22: Building] WARN  o.e.m.c.i.embedder.EclipseLogger - The POM for org.slf4j:slf4j-api:jar:1.7.25 is invalid, transitive dependencies (if any) will not be available, enable debug logging for more details
2021-08-14 15:54:23,830 [Worker-22: Building] WARN  o.e.m.c.i.embedder.EclipseLogger - The POM for org.slf4j:slf4j-log4j12:jar:1.7.25 is invalid, transitive dependencies (if any) will not be available, enable debug logging for more details
2021-08-14 15:54:24,187 [Worker-22: Building] WARN  o.e.m.c.i.embedder.EclipseLogger - The POM for commons-codec:commons-codec:jar:1.10 is invalid, transitive dependencies (if any) will not be available, enable debug logging for more details
2021-08-14 15:54:24,249 [Worker-22: Building] WARN  o.e.m.c.i.embedder.EclipseLogger - The POM for io.rest-assured:xml-path:jar:3.2.0 is invalid, transitive dependencies (if any) will not be available, enable debug logging for more details
2021-08-14 15:54:24,255 [Worker-22: Building] WARN  o.e.m.c.i.embedder.EclipseLogger - The POM for io.rest-assured:json-path:jar:3.2.0 is invalid, transitive dependencies (if any) will not be available, enable debug logging for more details
2021-08-14 15:54:24,516 [Worker-22: Building] WARN  o.e.m.c.i.embedder.EclipseLogger - The POM for commons-lang:commons-lang:jar:2.6 is invalid, transitive dependencies (if any) will not be available, enable debug logging for more details
2021-08-14 15:54:24,760 [Worker-22: Building] WARN  o.e.m.c.i.embedder.EclipseLogger - The POM for commons-cli:commons-cli:jar:1.2 is invalid, transitive dependencies (if any) will not be available, enable debug logging for more details
2021-08-14 15:54:25,178 [Worker-22: Building] WARN  o.e.m.c.i.embedder.EclipseLogger - The POM for org.apache.commons:commons-exec:jar:1.3 is invalid, transitive dependencies (if any) will not be available, enable debug logging for more details
2021-08-14 15:54:25,200 [Worker-22: Building] WARN  o.e.m.c.i.embedder.EclipseLogger - The POM for org.slf4j:slf4j-nop:jar:1.7.25 is invalid, transitive dependencies (if any) will not be available, enable debug logging for more details
2021-08-14 15:54:25,206 [Worker-22: Building] WARN  o.e.m.c.i.embedder.EclipseLogger - The POM for com.melloware:jintellitype:jar:1.3.7 is invalid, transitive dependencies (if any) will not be available, enable debug logging for more details
2021-08-14 15:54:25,263 [Worker-22: Building] WARN  o.e.m.c.i.embedder.EclipseLogger - The POM for commons-io:commons-io:jar:2.6 is invalid, transitive dependencies (if any) will not be available, enable debug logging for more details
2021-08-14 15:54:25,279 [Worker-22: Building] WARN  o.e.m.c.i.embedder.EclipseLogger - The POM for net.bytebuddy:byte-buddy:jar:1.8.15 is invalid, transitive dependencies (if any) will not be available, enable debug logging for more details
2021-08-14 15:54:25,287 [Worker-22: Building] WARN  o.e.m.c.i.embedder.EclipseLogger - The POM for com.google.guava:guava:jar:25.0-jre is invalid, transitive dependencies (if any) will not be available, enable debug logging for more details
2021-08-14 15:54:25,344 [Worker-22: Building] WARN  o.e.m.c.i.embedder.EclipseLogger - The POM for com.saucelabs:sauce_testng:jar:2.1.25 is invalid, transitive dependencies (if any) will not be available, enable debug logging for more details
2021-08-14 15:54:25,349 [Worker-22: Building] WARN  o.e.m.c.i.embedder.EclipseLogger - The POM for com.fasterxml.jackson.core:jackson-databind:jar:2.9.8 is invalid, transitive dependencies (if any) will not be available, enable debug logging for more details
2021-08-14 15:54:25,509 [Worker-22: Building] WARN  o.e.m.c.i.embedder.EclipseLogger - The POM for commons-collections:commons-collections:jar:3.2.2 is invalid, transitive dependencies (if any) will not be available, enable debug logging for more details
2021-08-14 15:54:25,541 [Worker-22: Building] WARN  o.e.m.c.i.embedder.EclipseLogger - The POM for commons-net:commons-net:jar:3.6 is invalid, transitive dependencies (if any) will not be available, enable debug logging for more details
2021-08-14 15:54:26,505 [Worker-22: Building] WARN  o.e.m.c.i.embedder.EclipseLogger - The POM for com.google.code.gson:gson:jar:2.8.4 is invalid, transitive dependencies (if any) will not be available, enable debug logging for more details
2021-08-14 15:54:26,511 [Worker-22: Building] WARN  o.e.m.c.i.embedder.EclipseLogger - The POM for org.apache.httpcomponents:httpclient:jar:4.5.5 is invalid, transitive dependencies (if any) will not be available, enable debug logging for more details
2021-08-14 15:54:26,517 [Worker-22: Building] WARN  o.e.m.c.i.embedder.EclipseLogger - The POM for org.apache.httpcomponents:httpcore:jar:4.4.9 is invalid, transitive dependencies (if any) will not be available, enable debug logging for more details
2021-08-14 15:54:26,523 [Worker-22: Building] WARN  o.e.m.c.i.embedder.EclipseLogger - The POM for com.squareup.okhttp3:okhttp:jar:3.10.0 is invalid, transitive dependencies (if any) will not be available, enable debug logging for more details
2021-08-14 15:54:26,528 [Worker-22: Building] WARN  o.e.m.c.i.embedder.EclipseLogger - The POM for com.squareup.okio:okio:jar:1.14.1 is invalid, transitive dependencies (if any) will not be available, enable debug logging for more details
2021-08-14 15:54:26,581 [Worker-22: Building] WARN  o.e.m.c.i.embedder.EclipseLogger - The POM for com.fasterxml.jackson.core:jackson-core:jar:2.9.8 is invalid, transitive dependencies (if any) will not be available, enable debug logging for more details
2021-08-14 15:54:26,629 [Worker-22: Building] WARN  o.e.m.c.i.embedder.EclipseLogger - The POM for commons-validator:commons-validator:jar:1.6 is invalid, transitive dependencies (if any) will not be available, enable debug logging for more details
2021-08-14 15:54:26,670 [Worker-22: Building] WARN  o.e.m.c.i.embedder.EclipseLogger - The POM for commons-beanutils:commons-beanutils:jar:1.9.3 is invalid, transitive dependencies (if any) will not be available, enable debug logging for more details
2021-08-14 15:54:27,830 [Worker-22: Building] WARN  o.e.m.c.i.embedder.EclipseLogger - Using platform encoding (Cp1252 actually) to copy filtered resources, i.e. build is platform dependent!
2021-08-14 15:54:27,841 [Worker-22: Building] INFO  o.e.m.c.i.embedder.EclipseLogger - Copying 2 resources
2021-08-14 15:54:27,852 [Worker-22: Building] WARN  o.e.m.c.i.embedder.EclipseLogger - Using platform encoding (Cp1252 actually) to copy filtered resources, i.e. build is platform dependent!
2021-08-14 15:54:27,856 [Worker-22: Building] INFO  o.e.m.c.i.embedder.EclipseLogger - skip non existing resourceDirectory C:\PokemonProject\PokemonSite\src\test\resources
